\BOOKMARK [0][-]{section*.1}{\376\377\000R\000e\000s\000u\000m\000e\000n}{}% 1
\BOOKMARK [0][-]{section*.2}{\376\377\000A\000g\000r\000a\000d\000e\000c\000i\000m\000i\000e\000n\000t\000o\000s}{}% 2
\BOOKMARK [0][-]{chapter.9}{\376\377\000I\000n\000t\000r\000o\000d\000u\000c\000c\000i\000o\000n}{}% 3
\BOOKMARK [0][-]{chapter.14}{\376\377\000M\000a\000r\000c\000o\000\040\000T\000e\000\363\000r\000i\000c\000o}{}% 4
\BOOKMARK [1][-]{section.15}{\376\377\000D\000e\000f\000i\000n\000i\000c\000i\000o\000n\000e\000s\000\040\000I\000n\000i\000c\000i\000a\000l\000e\000s}{chapter.14}% 5
\BOOKMARK [2][-]{subsection.16}{\376\377\000R\000e\000d\000e\000s\000\040\000A\000d\000\040\000H\000o\000c\000\040\000y\000\040\000R\000e\000d\000e\000s\000\040\000M\000e\000s\000h}{section.15}% 6
\BOOKMARK [1][-]{section.18}{\376\377\000P\000r\000o\000t\000o\000c\000o\000l\000o\000s\000\040\000d\000e\000\040\000R\000u\000t\000e\000o}{chapter.14}% 7
\BOOKMARK [2][-]{subsection.19}{\376\377\000A\000l\000g\000o\000r\000i\000t\000m\000o\000\040\000V\000e\000c\000t\000o\000r\000-\000D\000i\000s\000t\000a\000n\000c\000i\000a}{section.18}% 8
\BOOKMARK [2][-]{subsection.23}{\376\377\000P\000r\000o\000t\000o\000c\000o\000l\000o\000\040\000O\000L\000S\000R}{section.18}% 9
\BOOKMARK [2][-]{subsection.25}{\376\377\000P\000r\000o\000t\000o\000c\000o\000l\000o\000\040\000B\000a\000t\000M\000a\000n}{section.18}% 10
\BOOKMARK [2][-]{subsection.26}{\376\377\000P\000r\000o\000t\000o\000c\000o\000l\000o\000\040\000B\000a\000b\000e\000l}{section.18}% 11
\BOOKMARK [2][-]{subsection.27}{\376\377\000P\000r\000o\000t\000o\000c\000o\000l\000o\000\040\000S\000S\000R}{section.18}% 12
\BOOKMARK [2][-]{subsection.28}{\376\377\000C\000o\000m\000p\000a\000r\000a\000c\000i\000o\000n\000e\000s}{section.18}% 13
\BOOKMARK [1][-]{section.29}{\376\377\000C\000r\000i\000p\000t\000o\000g\000r\000a\000f\000\355\000a}{chapter.14}% 14
\BOOKMARK [2][-]{subsection.30}{\376\377\000H\000a\000s\000h\000i\000n\000g}{section.29}% 15
\BOOKMARK [0][-]{chapter.31}{\376\377\000A\000p\000l\000i\000c\000a\000c\000i\000o\000n\000e\000s\000\040\000R\000e\000a\000l\000e\000s\000\040\000d\000e\000\040\000R\000e\000d\000e\000s\000\040\000M\000e\000s\000h}{}% 16
\BOOKMARK [1][-]{section.32}{\376\377\000L\000i\000b\000r\000e\000M\000e\000s\000h}{chapter.31}% 17
\BOOKMARK [1][-]{section.33}{\376\377\000A\000l\000t\000h\000e\000a}{chapter.31}% 18
\BOOKMARK [1][-]{section.34}{\376\377\000A\000m\000m\000b\000r}{chapter.31}% 19
\BOOKMARK [0][-]{chapter.35}{\376\377\000T\000r\000a\000b\000a\000j\000o\000\040\000R\000e\000a\000l\000i\000z\000a\000d\000o}{}% 20
\BOOKMARK [0][-]{chapter.37}{\376\377\000C\000o\000n\000c\000l\000u\000s\000i\000o\000n\000e\000s}{}% 21
\BOOKMARK [0][-]{appendix.38}{\376\377\000P\000r\000e\000g\000u\000n\000t\000a\000s\000\040\000F\000r\000e\000c\000u\000e\000n\000t\000e\000s}{}% 22
\BOOKMARK [1][-]{section.39}{\376\377\000Q\000u\000\351\000\040\000h\000a\000c\000e\000\040\000a\000\040\000u\000n\000\040\000p\000r\000o\000t\000o\000c\000o\000l\000o\000\040\000d\000e\000\040\000r\000u\000t\000e\000o\000\040\000m\000e\000j\000o\000r\000\040\000q\000u\000e\000\040\000o\000t\000r\000o\000?\000\040}{appendix.38}% 23
\BOOKMARK [0][-]{appendix*.40}{\376\377\000B\000i\000b\000l\000i\000o\000g\000r\000a\000f\000\355\000a}{}% 24
